<?xml version="1.0" encoding="UTF-8"?>
<!-- Generated by org.testng.reporters.JUnitReportReporter -->
<testsuite hostname="DESKTOP-U6CHUTS" failures="0" tests="6" name="api.testcases.UserTestDD" time="6.878" errors="0" timestamp="2024-02-22T18:33:57 IST" skipped="0">
  <testcase classname="api.testcases.UserTestDD" name="testCreateUser" time="1.175"/>
  <testcase classname="api.testcases.UserTestDD" name="testCreateUser" time="1.177"/>
  <testcase classname="api.testcases.UserTestDD" name="testGetUserData" time="1.122"/>
  <testcase classname="api.testcases.UserTestDD" name="testGetUserData" time="1.142"/>
  <testcase classname="api.testcases.UserTestDD" name="testDeleteUser" time="1.110"/>
  <testcase classname="api.testcases.UserTestDD" name="testDeleteUser" time="1.152"/>
</testsuite> <!-- api.testcases.UserTestDD -->
