<?xml version="1.0" encoding="UTF-8"?>
<!-- Generated by org.testng.reporters.JUnitReportReporter -->
<testsuite hostname="DESKTOP-U6CHUTS" failures="0" tests="4" name="api.testcases.UserTest" time="5.668" errors="0" timestamp="2024-02-22T18:35:51 IST" skipped="0">
  <testcase classname="api.testcases.UserTest" name="testCreateUser" time="2.216"/>
  <testcase classname="api.testcases.UserTest" name="testGetUser" time="1.156"/>
  <testcase classname="api.testcases.UserTest" name="testUpdateUser" time="1.157"/>
  <testcase classname="api.testcases.UserTest" name="testDeleteUser" time="1.139"/>
</testsuite> <!-- api.testcases.UserTest -->
